262911158
999399729
278948396
790520517
995176411
408398046
589406426
389419042
855633064
72856146
630913025
284087773
862135875
11982008
46063928
796679755
160088344
162072002
558053768
674614708
448189709
966278220
563896262
986993187
719367201
42759948
612054970
137211821
103622840
775878915
950439572
685851194
321035260
7771898
588921501
445533747
321582039
18652396
274532348
437552269
607126029
184420592
68281845
313935256
101456231
1637666
841545880
599624724
500938892
375631775
790717947
469196547
222362314
603885334
748891058
228104418
460479569
225393108
12126332
685446488
749801717
573545135
499652
517363118
891350063
756942428
918393183
334355403
125083930
357174532
776308331
655188757
270283762
631749188
220031588
230903216
337210050
560524444
89689140
547851473
523149375
416684476
233977499
459412159
784017459
315671562
970045643
730032186
16284522
405108062
676551015
304591304
643435803
903181342
869069819
687588897
829298157
334014975
804371217
542350629
