347254868
4970
228860354
948547576
181586564
511181747
467177215
465930874
358183235
367955947
655115378
794107708
419728257
74969678
535847181
400624159
139309076
912977075
302088899
664994523
533249158
674441121
995675264
382995373
21800302
901511375
823844760
247504833
871901
467384400
251203759
949355019
56985391
15465589
974368455
61835181
212175508
365408750
874946695
216038832
197612667
246307034
342971878
167393660
75931472
440090915
830240285
170675736
141364219
603445061
716290409
397757030
544826645
599117461
77202477
61217915
274232731
19454279
116487813
92993103
184689882
874047383
85787811
818287330
819997575
306737355
322595979
65507115
550409927
988652874
717092769
57440810
253053493
834302436
246231093
811109153
44630281
717875219
932392601
626689225
739117483
165093784
625119069
629000431
94142025
629438893
941980048
743560003
384656080
371164302
482492734
921702878
617383414
316276430
442830156
166508549
797888979
547402904
220580314
295072697
