262911158
999399729
325285297
110968131
741323845
83889839
301099779
407767663
25620111
529866964
478266902
858420633
591782460
237287510
989150775
441803391
581462069
260096360
13481282
279214893
45626278
225225710
836650739
317817579
524479204
951742247
264871822
590968802
289786668
964927230
383327412
236252288
559136601
225844772
746486945
763173400
638932713
122340442
663546433
24655868
801086936
684561520
758010386
22621601
972518718
605078523
154406948
438305048
715461871
330304512
910774925
736734406
627859044
990155523
978706010
972732992
14785289
242382306
401862162
291843278
771827415
415250309
493902055
543820046
762062957
773826061
878977190
475453406
93761126
51704576
562174766
234391120
789109303
970844510
369333236
522947413
901277960
98073024
72722188
699096356
374573418
418922888
708712517
28783628
143513918
621092740
57419855
668186831
220677039
262928876
673429432
79616298
643322790
213960751
724822542
8291720
190704661
770809179
3862466
405480971
