58652
96410
47256
97656
73478
55082
67792
100172
57896
90242
57350
79400
65402
93638
54130
81796
79220
82410
70562
93008
48950
109230
74876
81312
83168
92882
51470
113232
79562
88598
63062
103340
62768
102942
77700
74528
89270
120062
62600
121452
67208
85878
75812
124256
71882
104390
86162
82172
95588
128522
55082
123804
97742
93946
74260
110396
76880
134322
86696
100100
83978
118550
71686
138756
90908
91146
93008
127640
70562
143262
79232
112020
108872
146306
76460
100232
111170
110226
102442
150932
69236
138410
90342
119216
115838
129422
74480
157212
118208
103242
89090
160400
92882
146166
111110
103340
104876
147962
82172
166872
