18962
44310
30326
34796
34028
37946
23520
40032
35318
36798
25640
42860
27992
49506
29368
31780
37970
51302
26410
52212
31940
33410
34958
54056
28730
45422
37652
43140
35216
56882
25136
57840
40262
44286
40270
44120
34460
53850
40032
47648
39062
62750
28852
56276
48008
40130
43690
65792
37946
57318
36266
49592
51092
68906
33410
57896
44246
54830
48652
72092
34460
73170
46682
47256
55898
57830
39038
76452
57548
56790
38828
78680
45422
79806
54680
50420
52280
70562
41662
78880
51218
65190
57826
85556
44120
71882
57318
60716
66158
79598
40116
77700
67952
70706
58652
76880
49958
93942
52502
73548
