6992
9330
7352
12656
7202
10646
8942
9576
10268
11738
6320
13420
10982
11486
10240
13020
7868
16002
10922
12648
9890
17030
8546
14748
13268
11486
11738
18632
10646
19182
9932
15140
14912
17426
10430
17072
15770
14706
14662
22052
10940
22650
14748
16652
14318
19550
12088
24492
18488
19298
14342
21800
14762
26406
18050
16316
20420
27722
12942
26520
17198
20922
19876
29756
17072
22402
18980
23960
23498
31862
14090
32580
20252
25626
21800
27992
19550
30302
23792
23520
21608
36290
19116
37056
27938
23078
23110
38612
20312
39402
22402
30960
30302
34958
21020
34460
31520
30926
26846
38072
