347254868
4970
315405455
423771478
213790711
798685225
27590332
252252152
845105890
182713750
642123364
65151307
545801957
817429166
810457429
980318051
804185746
683468807
780822516
415316066
690840959
752782669
864161103
520134133
364178137
66676753
545623466
904096600
847032300
324143038
823131342
613444378
307584856
977246442
425629608
159121427
869642770
561116095
491008471
434480077
577213520
762292698
170163605
24486552
775310124
716421115
992303908
768970400
42531234
554285347
755872336
973029596
172473447
833992500
493935643
779704350
58043682
199970680
494753147
142323753
813195497
408891919
881474143
742424436
470934361
643682674
451362988
699026007
787514796
723697949
793531956
469810910
865457295
756169336
514923946
718439943
364072013
416253938
968212414
916561048
907245106
116759956
383083810
807479712
306040952
476878586
333314924
497522519
833794795
449969409
426611608
959628726
49577562
22659500
246898990
299143326
705166856
56252274
864591021
396993063
