262911158
999399729
831762509
729619178
694369140
378152364
472741728
816567342
916845124
827359881
375858398
55981143
319500918
539437978
480946872
68954221
297122408
502899592
827207403
333403706
52787940
88069951
633084795
768119362
649382874
53297442
139209547
252599445
671559840
461929880
9590762
903833709
344988198
657351512
830545351
938399823
108466612
925019811
730298594
402178232
873700452
620585850
262759332
973227936
812969454
489923742
384676785
306631800
103078016
529481565
832173207
603643980
993201585
784933050
710512155
993083428
656090462
583043400
527111267
779386372
444835884
905581312
844826511
28808408
295330472
292507853
78370533
921833926
242260262
282502940
745275945
136988119
674816586
731506732
973213124
383492439
791444881
815718698
523770128
380108340
50403949
93277873
694965182
985355806
334992272
521150128
349096261
24950778
531715196
958003204
314800371
52489493
682629929
559032491
225448441
4789406
195571916
169509803
401020116
615544287
