347254868
4970
518879362
988466616
85341917
206145992
479312101
52981704
308717968
343871083
182224735
952037833
469216072
674724283
278946196
965926075
46523044
540587247
790545500
963477266
14223827
776198732
172155070
667140937
673544520
642008427
897876180
931675883
370410921
333042270
525037200
840564006
775671602
476488790
774406846
121527963
488061443
209770605
216169018
256690582
834983300
800513393
272800601
61559358
144026817
649297327
754639619
611254865
939199799
447508591
351138045
299161521
459796296
887980106
237886954
987317225
763787775
692185226
54757817
76702884
238976016
77192389
930905896
689918865
152295473
159061832
174721080
159571959
37894834
192633708
176070760
202180658
57670956
327625283
874382373
652336405
294163675
287866471
253276673
881704282
716629177
362643896
700141956
367463622
426502779
918522507
514335331
261956723
722366376
760593717
988635494
752927447
999472411
210134933
144292897
116441055
499457315
778012518
716312834
906127918
