1147037010
2416966500
2070363120
1707994260
858987720
869714408
449594340
458438658
1102631250
621721604
2991627275
3167244254
1224209420
984947535
1436131620
631243745
4226803595
3365075702
14169825
452749185
22187790
1919613740
935027
547523685
3337567550
4536995652
2874449930
64042902
3682493289
3683351534
4763807244
957446919
3051484380
3065562450
901319652
1183970790
2895871355
2129923277
43650495
2437520930
1862177877
1515223724
67483152
1267133310
4412126952
2720084402
1190695599
34341327
710626149
957184380
262376777
119714600
2844955595
2551658202
880719464
167472450
1437418152
58899230
793169
411945455
1720351152
73975365
1685917277
178860240
1715427450
608220002
4404052025
4000069845
2149286265
856462577
521951894
1691961705
801500702
3997386990
2260037295
29548827
9783675
4669983045
2038634730
1952093885
2069399610
99172485
157522374
517888835
52710777
2657314350
388744785
1662770277
533125530
414417654
1446762735
3643649
807597954
1824895490
4878102150
4554539960
31470210
1951094277
154871199
1830699794
