840585720
1471666574
373477500
693762432
582100872
239289830
364667408
758801358
583527924
884444040
447887312
1631432642
2696826690
52035200
70584912
1375055232
2943707808
1631432642
70584912
4677523970
4799011152
3207163722
693762432
784139202
4799011152
65545418
1375055232
693762432
2181267968
52035200
56280642
665449730
303798768
4799011152
81529952
447887312
303798768
753088448
81529952
1686730080
352969002
3207163722
536657760
3685068032
65545418
186660042
1686730080
1236511362
1236511362
3117458960
259954050
784139202
784139202
3685068032
70584912
3685068032
1327644458
70584912
4441483818
303798768
352969002
52035200
1631432642
2943707808
130080258
1473674672
1984594250
2943707808
303798768
259954050
176146928
513328682
1327644458
1236511362
52035200
147258410
2943707808
447887312
52035200
130080258
1686730080
1236511362
259954050
1984594250
2181267968
303798768
4677523970
665449730
246453152
2392209602
1327644458
513328682
1327644458
3207163722
1236511362
1473674672
186660042
3207163722
4677523970
1686730080
