1824585984
359828928
2451853628
183868650
113227400
2769800334
1140428484
869714408
684516258
1519241724
276880400
1048927320
415886250
2897621628
545039040
1801343040
1127007840
699016092
1046175444
2644862208
302887350
934336590
737529408
334164750
165774570
1081889280
812385584
359828928
231307440
1892138670
2607610880
364667408
488045844
138386430
1984594250
596730048
1907795628
181308264
138386430
247761248
942753500
499906998
2284237568
392338944
829311828
392338944
1642245888
273316038
934336590
303798768
246453152
1686730080
81529952
65545418
52035200
1236511362
4441483818
52035200
1631432642
2943707808
2618093072
4799011152
303798768
1984594250
1327644458
176146928
65545418
784139202
753088448
1327644458
4799011152
2618093072
3207163722
1375055232
388911938
186660042
4677523970
693762432
246453152
3207163722
4441483818
753088448
4441483818
1984594250
2618093072
753088448
1473674672
1984594250
3117458960
753088448
329718359
3442964670
3481408845
131600975
1722111327
2838622877
388520
4716875627
482656914
3610587752
