665449730
3758487408
370796160
852446868
1202971500
930462960
888997668
684516258
3873099390
1496400240
1886361344
881516790
1073614940
869714408
858987720
976664448
189974400
836912250
703965444
394874844
1731807744
1460831910
102968208
146417544
744148884
1281217278
263768634
2762360090
758801358
352409910
645847398
177781608
1786965960
913024350
1634802750
1149143750
75847968
1284654584
1173336000
3758487408
692296668
418818120
339780870
449950020
461961248
3029260080
1202971500
401020578
173768220
560785368
869129760
610139520
360625250
1181581520
499652400
876476720
352769900
1410353388
2181267968
239289830
768417804
159639710
176146928
87522500
1347658368
762772920
1314219510
2471217444
1623160250
383811108
339780870
300178644
1496400240
1087467888
1074450150
1522884960
1757679000
1782073958
3194120960
660604734
309518682
186660042
181308264
2343416238
1230102528
1876785260
644705760
135440100
65545418
707876540
1063911834
2845028160
840109092
417789960
402710000
378072320
1127007840
1081704960
1167338340
2522807250
